1769556514.4505494	startup
1769556515.0745118	run() begin
1769556515.0755205	build()
1769556515.1365874	AttributeError: 'TuioMotionEventProvider' object has no attribute 'ip'
1769556515.13809	finally
1769556656.5948398	startup
1769556657.2284043	run() begin
1769556657.2294354	build()
1769556674.5401113	IOError: [WinError 2] The system cannot find the file specified
1769556674.5435798	finally
1769556947.4404414	startup
1769556948.0785942	run() begin
1769556948.0796044	build()
1769557295.2041337	run() end
1769557295.2041337	finally
1769557394.6131322	startup
1769557395.2682793	run() begin
1769557395.269284	build()
1769557397.2358954	Exception: 

-------

Please use a json lint utility to verify that E:\tp bot\Twitch-Plays-Bot\configs\default\emulator_settings.json is a valid .json file.
1769557397.2410836	finally
1769557444.0988588	startup
1769557444.7273512	run() begin
1769557444.728352	build()
1769557583.5929909	run() end
1769557583.594495	finally
1769557935.9209454	startup
1769557936.5659065	run() begin
1769557936.5669355	build()
1769557975.6351843	run() end
1769557975.63573	finally
1769558273.302569	startup
1769558274.0027351	run() begin
1769558274.0042615	build()
1769558393.8510845	run() end
1769558393.8510845	finally
1769608265.7330716	startup
1769608266.2718701	run() begin
1769608266.2728796	build()
1769635040.4845517	run() end
1769635040.4845517	finally
1769638006.2071152	startup
1769638006.773911	run() begin
1769638006.774912	build()
1769638021.8842747	run() end
1769638021.8842747	finally
1769638179.9165838	startup
1769638180.4702199	run() begin
1769638180.4712212	build()
1769638182.2141519	run() end
1769638182.2141519	finally
1769972751.9045868	startup
1769972752.4968417	run() begin
1769972752.4973445	build()
1769972825.7460172	run() end
1769972825.7460172	finally
1769972828.66214	startup
1769972829.186963	run() begin
1769972829.1879659	build()
1769972836.6054761	run() end
1769972836.6065273	finally
1769973179.3709085	startup
1769973179.9171035	run() begin
1769973179.9171035	build()
1769975156.6191561	run() end
1769975156.6191561	finally
